CPLEX 20.1.0.0: optimal integer solution; objective 3706028.917
79 MIP simplex iterations
0 branch-and-bound nodes
x [Company_A_3_2,*,*]
:    2  14    :=
3    .   5
14   5   .

 [Company_A_4_7,*,*]
:    1   3   6    7     :=
1    .   5   .    .
3    0   .   .     5
4    5   .   17   .
6    .   .   .    17

 [Company_B_1_11,*,*]
:    4   8   9  10  11    :=
1    8   .   .   .   .
4    .   8   .   .   .
8    0   .   8   .   .
9    .   0   .   8   .
10   .   .   0   .   8

 [Company_C_13_1,*,*]
:    1   3   7  14    :=
3    7   .   0   0
7    .   4   .   .
13   .   .   4   3
14   .   3   .   .

 [Company_C_13_7,*,*]
:    7    :=
13   2

 [Company_C_13_8,*,*]
:    4   8  12  14  15    :=
4    .   1   0   .   .
12   1   .   .   .   0
13   .   .   .   1   .
14   .   .   .   .   1
15   .   .   1   0   .

 [Company_D_5_10,*,*]
:    4   6   8   9  10  12  14  15    :=
4    .   0   1   .   .   0   .   .
5    .   .   .   .   .   .   2   .
6    0   .   .   1   .   .   .   0
8    0   .   .   1   .   .   .   .
9    .   0   0   .   2   .   .   .
12   1   .   .   .   .   .   .   0
14   .   .   .   .   .   .   .   2
15   .   1   .   .   .   1   0   .

 [Company_D_5_6,*,*]
:    6   7  14  15    :=
5    .   3   3   .
7    3   .   .   .
14   .   .   .   3
15   3   .   0   .

 [Company_E_3_13,*,*]
:    7  13    :=
3    4   .
7    .   4

 [Company_E_3_15,*,*]
:    14   15    :=
3    10   .
14   .    10
;

