CPLEX 20.1.0.0: mipgap 0
CPLEX 20.1.0.0: optimal integer solution; objective 187107870.5
780637 MIP simplex iterations
4925 branch-and-bound nodes
absmipgap = 2.98023e-08, relmipgap = 1.59279e-16
total_ship_cost = 50325824.094

new_track_cost = 129802046.38

new_reload_cost = 1680000

delay_cost = 5300000


 Shipping Schedule by shipment: 

Container load per track for shipment Company_A_4_7 on day 1 :
    4 -->   6:   9
    4 -->   1:   6

Container load per track for shipment Company_A_4_7 on day 2 :
    1 -->   3:   6
    4 -->   6:  10
    6 -->   7:   9

Container load per track for shipment Company_A_4_7 on day 3 :
    3 -->   7:   6
    4 -->   6:   5
    6 -->   7:  10

Container load per track for shipment Company_A_4_7 on day 4 :
    6 -->   7:   5

Container load per track for shipment Company_A_3_2 on day 3 :
    3 -->   5:   5

Container load per track for shipment Company_A_3_2 on day 4 :
    5 -->   2:   5

Container load per track for shipment Company_B_1_11 on day 8 :
    1 -->   4:  10
    1 -->   8:  10

Container load per track for shipment Company_B_1_11 on day 9 :
    1 -->   4:   6
    1 -->   8:   9
    4 -->   6:   9
    4 -->   8:   1
    8 -->   9:  10

Container load per track for shipment Company_B_1_11 on day 10 :
    1 -->   8:   1
    4 -->   6:   6
    6 -->   9:   9
    8 -->   9:  10
    9 -->  10:  10

Container load per track for shipment Company_B_1_11 on day 11 :
    6 -->   9:   6
    8 -->   9:   1
    9 -->  10:  19
   10 -->  11:  10

Container load per track for shipment Company_B_1_11 on day 12 :
    9 -->  10:   7
   10 -->  11:  19

Container load per track for shipment Company_B_1_11 on day 13 :
   10 -->  11:   7

Container load per track for shipment Company_C_13_8 on day 5 :
   13 -->   7:  10

Container load per track for shipment Company_C_13_8 on day 6 :
    7 -->   6:  10
   13 -->   7:  10

Container load per track for shipment Company_C_13_8 on day 7 :
   13 -->  14:   1
    6 -->   4:  10
    7 -->   6:  10
   13 -->   7:   2

Container load per track for shipment Company_C_13_8 on day 8 :
    4 -->   8:  10
    7 -->   3:   1
   14 -->   3:   1
    6 -->   4:  10
    7 -->   6:   1
   13 -->   7:   3

Container load per track for shipment Company_C_13_8 on day 9 :
    4 -->   8:  10
   13 -->  14:   3
    3 -->   1:   2
    6 -->   4:   1
    7 -->   6:   3
   13 -->   7:   4

Container load per track for shipment Company_C_13_8 on day 10 :
    1 -->   8:   2
    4 -->   8:   1
   13 -->  14:   4
   14 -->   3:   3
    6 -->   4:   3
    7 -->   6:   4
   13 -->   7:   5

Container load per track for shipment Company_C_13_8 on day 11 :
    4 -->   8:   3
    6 -->   9:   3
    3 -->   1:   3
    7 -->   3:   1
   14 -->   3:   4
    6 -->   4:   1
    7 -->   6:   4

Container load per track for shipment Company_C_13_8 on day 12 :
    1 -->   8:   3
    4 -->   8:   1
    6 -->   9:   1
    3 -->   1:   5
    6 -->   4:   3
    9 -->   8:   3

Container load per track for shipment Company_C_13_8 on day 13 :
    1 -->   8:   5
    4 -->   8:   3
    9 -->   8:   1

Container load per track for shipment Company_C_13_1 on day 4 :
   13 -->  14:   1
   13 -->   7:   3

Container load per track for shipment Company_C_13_1 on day 5 :
   13 -->  14:   5
    7 -->   3:   3
   14 -->   3:   1

Container load per track for shipment Company_C_13_1 on day 6 :
   13 -->  14:   8
    3 -->   1:   4
   14 -->   3:   5

Container load per track for shipment Company_C_13_1 on day 7 :
    3 -->   1:   5
   14 -->   3:   8

Container load per track for shipment Company_C_13_1 on day 8 :
    3 -->   1:   8

Container load per track for shipment Company_C_13_7 on day 2 :
   13 -->   7:  10

Container load per track for shipment Company_C_13_7 on day 3 :
   13 -->   7:  10

Container load per track for shipment Company_C_13_7 on day 4 :
   13 -->   7:   7

Container load per track for shipment Company_C_13_7 on day 7 :
   13 -->   7:   8

Container load per track for shipment Company_C_13_7 on day 8 :
   13 -->   7:   7

Container load per track for shipment Company_D_5_6 on day 9 :
    5 -->  14:   2

Container load per track for shipment Company_D_5_6 on day 10 :
   14 -->  13:   2

Container load per track for shipment Company_D_5_6 on day 11 :
    5 -->  14:   4
   13 -->   7:   2

Container load per track for shipment Company_D_5_6 on day 12 :
   14 -->  15:   4
    7 -->   6:   2

Container load per track for shipment Company_D_5_6 on day 13 :
   15 -->   6:   4

Container load per track for shipment Company_D_5_10 on day 5 :
    5 -->   3:   7

Container load per track for shipment Company_D_5_10 on day 6 :
    5 -->  14:   1
    3 -->   1:   7
    5 -->   3:   3

Container load per track for shipment Company_D_5_10 on day 7 :
    1 -->   8:   7
    3 -->   7:   3
    5 -->  14:   4
   14 -->   3:   1

Container load per track for shipment Company_D_5_10 on day 8 :
    3 -->   7:   1
    5 -->   7:   1
    5 -->  14:   9
    8 -->   9:   7
    5 -->   3:   2
   14 -->   3:   4
    7 -->   6:   3

Container load per track for shipment Company_D_5_10 on day 9 :
    3 -->   7:   6
    5 -->  14:   3
    6 -->  15:   3
    9 -->  10:   7
    5 -->   3:   3
   14 -->   3:   4
    7 -->   6:   2
   14 -->  13:   5

Container load per track for shipment Company_D_5_10 on day 10 :
    5 -->   7:   1
    6 -->   9:   1
    6 -->  15:   1
   14 -->  15:   3
    3 -->   1:   7
    7 -->   6:   6
   15 -->   6:   3
   13 -->   7:   5

Container load per track for shipment Company_D_5_10 on day 11 :
    1 -->   8:   7
    6 -->   9:   9
    9 -->  10:   1
    7 -->   6:   6
   15 -->   6:   4

Container load per track for shipment Company_D_5_10 on day 12 :
    6 -->   9:  10
    8 -->   9:   7
    9 -->  10:   9

Container load per track for shipment Company_D_5_10 on day 13 :
    9 -->  10:  17

Container load per track for shipment Company_E_3_13 on day 1 :
    3 -->  14:  10

Container load per track for shipment Company_E_3_13 on day 2 :
    3 -->  14:  10
   14 -->  13:  10

Container load per track for shipment Company_E_3_13 on day 3 :
    3 -->   5:   3
    3 -->  14:   9
   14 -->  13:  10

Container load per track for shipment Company_E_3_13 on day 4 :
    5 -->  14:   3
   14 -->  13:   9

Container load per track for shipment Company_E_3_13 on day 5 :
   14 -->  13:   3

Container load per track for shipment Company_E_3_13 on day 8 :
    3 -->   7:   4

Container load per track for shipment Company_E_3_13 on day 9 :
    7 -->  13:   4

Container load per track for shipment Company_E_3_13 on day 10 :
    3 -->   7:   4

Container load per track for shipment Company_E_3_13 on day 11 :
    7 -->  13:   4

Container load per track for shipment Company_E_3_15 on day 4 :
    3 -->   7:   1
    3 -->   1:   8

Container load per track for shipment Company_E_3_15 on day 5 :
    1 -->   4:   8
    7 -->   6:   1

Container load per track for shipment Company_E_3_15 on day 6 :
    4 -->  12:   8
    6 -->  15:   1

Container load per track for shipment Company_E_3_15 on day 7 :
    3 -->   7:   1
   12 -->  15:   8

Container load per track for shipment Company_E_3_15 on day 8 :
    7 -->   6:   1

Container load per track for shipment Company_E_3_15 on day 9 :
    6 -->  15:   1

Container load per track for shipment Company_F_9_2_a on day 1 :
    9 -->   6:  11
    9 -->   8:   9

Container load per track for shipment Company_F_9_2_a on day 2 :
    6 -->   7:  11
    8 -->   1:   9
    9 -->   6:  10
    9 -->   8:   2

Container load per track for shipment Company_F_9_2_a on day 3 :
    1 -->   3:   9
    6 -->   7:  10
    8 -->   1:   2
    7 -->   3:   1
    7 -->   5:  10
    9 -->   6:  10
    9 -->   8:   3

Container load per track for shipment Company_F_9_2_a on day 4 :
    1 -->   3:   2
    3 -->   5:  10
    6 -->   7:  10
    8 -->   1:   3
    5 -->   2:  10
    7 -->   5:  10

Container load per track for shipment Company_F_9_2_a on day 5 :
    1 -->   3:   3
    3 -->   5:   2
    5 -->   2:  20
    7 -->   5:  10

Container load per track for shipment Company_F_9_2_a on day 6 :
    3 -->   5:   3
    5 -->   2:  12

Container load per track for shipment Company_F_9_2_a on day 7 :
    5 -->   2:   3

Container load per track for shipment Company_F_9_2_b on day 4 :
    9 -->   6:  29
    9 -->   8:   2

Container load per track for shipment Company_F_9_2_b on day 5 :
    6 -->   7:  19
    6 -->  15:  10
    8 -->   1:   2
    9 -->   6:   2
    9 -->   8:   2

Container load per track for shipment Company_F_9_2_b on day 6 :
    1 -->   3:   2
    7 -->   3:   9
    6 -->   4:   2
    8 -->   4:   2
    7 -->   5:  10
   15 -->  14:  10

Container load per track for shipment Company_F_9_2_b on day 7 :
    3 -->   5:  10
    3 -->  14:   1
    4 -->   1:   4
    5 -->   2:  10
   14 -->   5:  10

Container load per track for shipment Company_F_9_2_b on day 8 :
    1 -->   3:   4
    5 -->   2:  20
   14 -->   5:   1

Container load per track for shipment Company_F_9_2_b on day 9 :
    3 -->   5:   4
    5 -->   2:   1

Container load per track for shipment Company_F_9_2_b on day 10 :
    5 -->   2:   4

Container load per track for shipment Company_G_11_7 on day 9 :
   11 -->  10:  12

Container load per track for shipment Company_G_11_7 on day 10 :
   10 -->   9:  12

Container load per track for shipment Company_G_11_7 on day 11 :
    9 -->   6:  12

Container load per track for shipment Company_G_11_7 on day 12 :
    6 -->   7:  12

Container load per track for shipment Company_G_11_2 on day 3 :
   11 -->  10:  20

Container load per track for shipment Company_G_11_2 on day 4 :
   10 -->   9:  20
   11 -->  10:  20

Container load per track for shipment Company_G_11_2 on day 5 :
    9 -->   6:  17
    9 -->   8:   3
   10 -->   9:  20
   11 -->  10:  16

Container load per track for shipment Company_G_11_2 on day 6 :
    6 -->   7:  10
    6 -->  15:   3
    8 -->   1:   3
    6 -->   4:   4
    9 -->   6:  18
    9 -->   8:   2
   10 -->   9:  16
   11 -->  10:  19

Container load per track for shipment Company_G_11_2 on day 7 :
    1 -->   3:   3
    6 -->   7:  10
    6 -->  15:   8
    4 -->   1:   4
    8 -->   1:   2
    7 -->   5:  10
    9 -->   6:  15
    9 -->   8:   1
   10 -->   9:  19
   11 -->  10:  12
   15 -->  14:   3

Container load per track for shipment Company_G_11_2 on day 8 :
    1 -->   3:   6
    3 -->  14:   3
    6 -->   7:  15
    5 -->   2:  10
    7 -->   3:   1
    8 -->   4:   1
    7 -->   5:   9
   14 -->   5:   3
    9 -->   6:  18
    9 -->   8:   1
   10 -->   9:  12
   11 -->  10:  10
   15 -->  14:   8

Container load per track for shipment Company_G_11_2 on day 9 :
    3 -->   5:   3
    3 -->  14:   4
    6 -->   7:  15
    6 -->  15:   3
    7 -->  13:   2
    4 -->   1:   1
    8 -->   1:   1
    5 -->   2:  12
    7 -->   3:   3
    7 -->   5:  10
   14 -->   5:  11
    9 -->   6:  12
   10 -->   9:  10

Container load per track for shipment Company_G_11_2 on day 10 :
    1 -->   3:   2
    3 -->  14:   3
    6 -->   7:  10
    6 -->  15:   2
   13 -->  14:   2
    5 -->   2:  24
    7 -->   3:   6
    7 -->   5:   9
   14 -->   5:   4
    9 -->   6:  10
   15 -->  14:   3

Container load per track for shipment Company_G_11_2 on day 11 :
    3 -->   5:   5
    3 -->  14:   3
    6 -->   7:  10
    5 -->   2:  13
    7 -->   5:  10
   14 -->   5:   8
   15 -->  14:   2

Container load per track for shipment Company_G_11_2 on day 12 :
    5 -->   2:  23
    7 -->   5:  10
   14 -->   5:   5

Container load per track for shipment Company_G_11_2 on day 13 :
    5 -->   2:  15

Container load per track for shipment Company_H_12_5 on day 6 :
   12 -->  15:   3

Container load per track for shipment Company_H_12_5 on day 7 :
   12 -->  15:   2
   15 -->  14:   3

Container load per track for shipment Company_H_12_5 on day 8 :
   14 -->   5:   3
   15 -->  14:   2

Container load per track for shipment Company_H_12_5 on day 9 :
   14 -->   5:   2

Container load per track for shipment Company_H_12_5 on day 10 :
   12 -->  15:   2
   12 -->   4:  10

Container load per track for shipment Company_H_12_5 on day 11 :
   12 -->  15:   6
    4 -->   1:  10
   15 -->   6:   2

Container load per track for shipment Company_H_12_5 on day 12 :
    1 -->   3:  10
    6 -->   7:   2
   15 -->  14:   6

Container load per track for shipment Company_H_12_5 on day 13 :
    3 -->   5:  10
    7 -->   5:   2
   14 -->   5:   6

Container load per track for shipment Company_H_12_2 on day 1 :
   12 -->  15:  10
   12 -->   4:  10

Container load per track for shipment Company_H_12_2 on day 2 :
   12 -->  15:  10
    4 -->   1:  10
   12 -->   4:  10
   15 -->  14:  10

Container load per track for shipment Company_H_12_2 on day 3 :
    1 -->   3:  10
   12 -->  15:  10
    4 -->   1:  10
   12 -->   4:   9
   14 -->   5:  10
   15 -->  14:  10

Container load per track for shipment Company_H_12_2 on day 4 :
    1 -->   3:  10
    3 -->  14:  10
   12 -->  15:  10
    4 -->   1:   9
    5 -->   2:  10
   14 -->   5:  10
   15 -->  14:  10

Container load per track for shipment Company_H_12_2 on day 5 :
    1 -->   3:   9
    3 -->   5:   1
    3 -->  14:   9
    5 -->   2:  10
   12 -->   4:  10
   14 -->   5:  20
   15 -->  14:  10

Container load per track for shipment Company_H_12_2 on day 6 :
    3 -->   5:   4
    3 -->  14:   5
   12 -->  15:   4
    4 -->   1:  10
    5 -->   2:  21
   12 -->   4:   2
   14 -->   5:  19

Container load per track for shipment Company_H_12_2 on day 7 :
    1 -->   3:  10
    4 -->   1:   2
    5 -->   2:  23
   14 -->   5:   5
   15 -->  14:   4

Container load per track for shipment Company_H_12_2 on day 8 :
    1 -->   3:   2
    3 -->   5:   8
    3 -->  14:   2
   12 -->  15:  10
    5 -->   2:   5
   12 -->   4:   3
   14 -->   5:   4

Container load per track for shipment Company_H_12_2 on day 9 :
    3 -->  14:   2
   12 -->  15:   4
    4 -->   1:   3
    5 -->   2:  12
   12 -->   4:  10
   14 -->   5:   2
   15 -->  14:  10

Container load per track for shipment Company_H_12_2 on day 10 :
    1 -->   3:   3
   12 -->  15:   8
    4 -->   1:  10
    5 -->   2:   2
   14 -->   5:  12
   15 -->  14:   4

Container load per track for shipment Company_H_12_2 on day 11 :
    1 -->   3:  10
    3 -->  14:   3
    5 -->   2:  12
   14 -->   5:   4
   15 -->  14:   8

Container load per track for shipment Company_H_12_2 on day 12 :
    3 -->   5:  10
    5 -->   2:   4
   14 -->   5:  11

Container load per track for shipment Company_H_12_2 on day 13 :
    5 -->   2:  21

Container load per track for shipment Company_I_1_2 on day 9 :
    1 -->   3:  14

Container load per track for shipment Company_I_1_2 on day 10 :
    1 -->   3:   5
    3 -->   5:  10
    3 -->  14:   4

Container load per track for shipment Company_I_1_2 on day 11 :
    3 -->   5:   5
    5 -->   2:  10
   14 -->   5:   4

Container load per track for shipment Company_I_1_2 on day 12 :
    5 -->   2:   9

Container load per track for shipment Company_I_1_10 on day 2 :
    1 -->   8:   1

Container load per track for shipment Company_I_1_10 on day 3 :
    1 -->   8:   8
    8 -->   9:   1

Container load per track for shipment Company_I_1_10 on day 4 :
    1 -->   4:   1
    1 -->   8:   5
    8 -->   9:   8
    9 -->  10:   1

Container load per track for shipment Company_I_1_10 on day 5 :
    1 -->   4:   2
    1 -->   8:   8
    4 -->   6:   1
    8 -->   9:   5
    9 -->  10:   8

Container load per track for shipment Company_I_1_10 on day 6 :
    1 -->   8:   7
    4 -->   8:   2
    6 -->   9:   1
    8 -->   9:   8
    9 -->  10:   5

Container load per track for shipment Company_I_1_10 on day 7 :
    1 -->   8:   1
    8 -->   9:   9
    9 -->  10:   9

Container load per track for shipment Company_I_1_10 on day 8 :
    8 -->   9:   1
    9 -->  10:   9

Container load per track for shipment Company_I_1_10 on day 9 :
    9 -->  10:   1

Container load per track for shipment Company_J_15_9 on day 6 :
   15 -->   6:  15

Container load per track for shipment Company_J_15_9 on day 7 :
    6 -->   9:  15
   15 -->   6:  12

Container load per track for shipment Company_J_15_9 on day 8 :
    6 -->   9:  12
   15 -->   6:  18

Container load per track for shipment Company_J_15_9 on day 9 :
    6 -->   9:  18
   15 -->   6:  10

Container load per track for shipment Company_J_15_9 on day 10 :
    6 -->   9:  10

Container load per track for shipment Company_K_8_15 on day 10 :
    8 -->   1:   7
    8 -->   4:  19

Container load per track for shipment Company_K_8_15 on day 11 :
    1 -->   3:   7
    4 -->   6:   9
    4 -->  12:  10
    8 -->   9:   9
    8 -->   4:  17

Container load per track for shipment Company_K_8_15 on day 12 :
    3 -->  14:   7
    4 -->   6:   7
    4 -->  12:  10
    6 -->  15:   9
   12 -->  15:  10
    9 -->   6:   9

Container load per track for shipment Company_K_8_15 on day 13 :
    6 -->  15:  16
   12 -->  15:  10
   14 -->  15:   7




 Shipping Schedule by day: 


Container load per track for shipment Company_A_4_7 on day 1 :

    4 -->   6:   9
    4 -->   1:   6

Container load per track for shipment Company_E_3_13 on day 1 :

    3 -->  14:  10

Container load per track for shipment Company_F_9_2_a on day 1 :

    9 -->   6:  11
    9 -->   8:   9

Container load per track for shipment Company_H_12_2 on day 1 :

   12 -->  15:  10
   12 -->   4:  10

Container load per track for shipment Company_A_4_7 on day 2 :

    1 -->   3:   6
    4 -->   6:  10
    6 -->   7:   9

Container load per track for shipment Company_C_13_7 on day 2 :

   13 -->   7:  10

Container load per track for shipment Company_E_3_13 on day 2 :

    3 -->  14:  10
   14 -->  13:  10

Container load per track for shipment Company_F_9_2_a on day 2 :

    6 -->   7:  11
    8 -->   1:   9
    9 -->   6:  10
    9 -->   8:   2

Container load per track for shipment Company_H_12_2 on day 2 :

   12 -->  15:  10
    4 -->   1:  10
   12 -->   4:  10
   15 -->  14:  10

Container load per track for shipment Company_I_1_10 on day 2 :

    1 -->   8:   1

Container load per track for shipment Company_A_4_7 on day 3 :

    3 -->   7:   6
    4 -->   6:   5
    6 -->   7:  10

Container load per track for shipment Company_A_3_2 on day 3 :

    3 -->   5:   5

Container load per track for shipment Company_C_13_7 on day 3 :

   13 -->   7:  10

Container load per track for shipment Company_E_3_13 on day 3 :

    3 -->   5:   3
    3 -->  14:   9
   14 -->  13:  10

Container load per track for shipment Company_F_9_2_a on day 3 :

    1 -->   3:   9
    6 -->   7:  10
    8 -->   1:   2
    7 -->   3:   1
    7 -->   5:  10
    9 -->   6:  10
    9 -->   8:   3

Container load per track for shipment Company_G_11_2 on day 3 :

   11 -->  10:  20

Container load per track for shipment Company_H_12_2 on day 3 :

    1 -->   3:  10
   12 -->  15:  10
    4 -->   1:  10
   12 -->   4:   9
   14 -->   5:  10
   15 -->  14:  10

Container load per track for shipment Company_I_1_10 on day 3 :

    1 -->   8:   8
    8 -->   9:   1

Container load per track for shipment Company_A_4_7 on day 4 :

    6 -->   7:   5

Container load per track for shipment Company_A_3_2 on day 4 :

    5 -->   2:   5

Container load per track for shipment Company_C_13_1 on day 4 :

   13 -->  14:   1
   13 -->   7:   3

Container load per track for shipment Company_C_13_7 on day 4 :

   13 -->   7:   7

Container load per track for shipment Company_E_3_13 on day 4 :

    5 -->  14:   3
   14 -->  13:   9

Container load per track for shipment Company_E_3_15 on day 4 :

    3 -->   7:   1
    3 -->   1:   8

Container load per track for shipment Company_F_9_2_a on day 4 :

    1 -->   3:   2
    3 -->   5:  10
    6 -->   7:  10
    8 -->   1:   3
    5 -->   2:  10
    7 -->   5:  10

Container load per track for shipment Company_F_9_2_b on day 4 :

    9 -->   6:  29
    9 -->   8:   2

Container load per track for shipment Company_G_11_2 on day 4 :

   10 -->   9:  20
   11 -->  10:  20

Container load per track for shipment Company_H_12_2 on day 4 :

    1 -->   3:  10
    3 -->  14:  10
   12 -->  15:  10
    4 -->   1:   9
    5 -->   2:  10
   14 -->   5:  10
   15 -->  14:  10

Container load per track for shipment Company_I_1_10 on day 4 :

    1 -->   4:   1
    1 -->   8:   5
    8 -->   9:   8
    9 -->  10:   1

Container load per track for shipment Company_C_13_8 on day 5 :

   13 -->   7:  10

Container load per track for shipment Company_C_13_1 on day 5 :

   13 -->  14:   5
    7 -->   3:   3
   14 -->   3:   1

Container load per track for shipment Company_D_5_10 on day 5 :

    5 -->   3:   7

Container load per track for shipment Company_E_3_13 on day 5 :

   14 -->  13:   3

Container load per track for shipment Company_E_3_15 on day 5 :

    1 -->   4:   8
    7 -->   6:   1

Container load per track for shipment Company_F_9_2_a on day 5 :

    1 -->   3:   3
    3 -->   5:   2
    5 -->   2:  20
    7 -->   5:  10

Container load per track for shipment Company_F_9_2_b on day 5 :

    6 -->   7:  19
    6 -->  15:  10
    8 -->   1:   2
    9 -->   6:   2
    9 -->   8:   2

Container load per track for shipment Company_G_11_2 on day 5 :

    9 -->   6:  17
    9 -->   8:   3
   10 -->   9:  20
   11 -->  10:  16

Container load per track for shipment Company_H_12_2 on day 5 :

    1 -->   3:   9
    3 -->   5:   1
    3 -->  14:   9
    5 -->   2:  10
   12 -->   4:  10
   14 -->   5:  20
   15 -->  14:  10

Container load per track for shipment Company_I_1_10 on day 5 :

    1 -->   4:   2
    1 -->   8:   8
    4 -->   6:   1
    8 -->   9:   5
    9 -->  10:   8

Container load per track for shipment Company_C_13_8 on day 6 :

    7 -->   6:  10
   13 -->   7:  10

Container load per track for shipment Company_C_13_1 on day 6 :

   13 -->  14:   8
    3 -->   1:   4
   14 -->   3:   5

Container load per track for shipment Company_D_5_10 on day 6 :

    5 -->  14:   1
    3 -->   1:   7
    5 -->   3:   3

Container load per track for shipment Company_E_3_15 on day 6 :

    4 -->  12:   8
    6 -->  15:   1

Container load per track for shipment Company_F_9_2_a on day 6 :

    3 -->   5:   3
    5 -->   2:  12

Container load per track for shipment Company_F_9_2_b on day 6 :

    1 -->   3:   2
    7 -->   3:   9
    6 -->   4:   2
    8 -->   4:   2
    7 -->   5:  10
   15 -->  14:  10

Container load per track for shipment Company_G_11_2 on day 6 :

    6 -->   7:  10
    6 -->  15:   3
    8 -->   1:   3
    6 -->   4:   4
    9 -->   6:  18
    9 -->   8:   2
   10 -->   9:  16
   11 -->  10:  19

Container load per track for shipment Company_H_12_5 on day 6 :

   12 -->  15:   3

Container load per track for shipment Company_H_12_2 on day 6 :

    3 -->   5:   4
    3 -->  14:   5
   12 -->  15:   4
    4 -->   1:  10
    5 -->   2:  21
   12 -->   4:   2
   14 -->   5:  19

Container load per track for shipment Company_I_1_10 on day 6 :

    1 -->   8:   7
    4 -->   8:   2
    6 -->   9:   1
    8 -->   9:   8
    9 -->  10:   5

Container load per track for shipment Company_J_15_9 on day 6 :

   15 -->   6:  15

Container load per track for shipment Company_C_13_8 on day 7 :

   13 -->  14:   1
    6 -->   4:  10
    7 -->   6:  10
   13 -->   7:   2

Container load per track for shipment Company_C_13_1 on day 7 :

    3 -->   1:   5
   14 -->   3:   8

Container load per track for shipment Company_C_13_7 on day 7 :

   13 -->   7:   8

Container load per track for shipment Company_D_5_10 on day 7 :

    1 -->   8:   7
    3 -->   7:   3
    5 -->  14:   4
   14 -->   3:   1

Container load per track for shipment Company_E_3_15 on day 7 :

    3 -->   7:   1
   12 -->  15:   8

Container load per track for shipment Company_F_9_2_a on day 7 :

    5 -->   2:   3

Container load per track for shipment Company_F_9_2_b on day 7 :

    3 -->   5:  10
    3 -->  14:   1
    4 -->   1:   4
    5 -->   2:  10
   14 -->   5:  10

Container load per track for shipment Company_G_11_2 on day 7 :

    1 -->   3:   3
    6 -->   7:  10
    6 -->  15:   8
    4 -->   1:   4
    8 -->   1:   2
    7 -->   5:  10
    9 -->   6:  15
    9 -->   8:   1
   10 -->   9:  19
   11 -->  10:  12
   15 -->  14:   3

Container load per track for shipment Company_H_12_5 on day 7 :

   12 -->  15:   2
   15 -->  14:   3

Container load per track for shipment Company_H_12_2 on day 7 :

    1 -->   3:  10
    4 -->   1:   2
    5 -->   2:  23
   14 -->   5:   5
   15 -->  14:   4

Container load per track for shipment Company_I_1_10 on day 7 :

    1 -->   8:   1
    8 -->   9:   9
    9 -->  10:   9

Container load per track for shipment Company_J_15_9 on day 7 :

    6 -->   9:  15
   15 -->   6:  12

Container load per track for shipment Company_B_1_11 on day 8 :

    1 -->   4:  10
    1 -->   8:  10

Container load per track for shipment Company_C_13_8 on day 8 :

    4 -->   8:  10
    7 -->   3:   1
   14 -->   3:   1
    6 -->   4:  10
    7 -->   6:   1
   13 -->   7:   3

Container load per track for shipment Company_C_13_1 on day 8 :

    3 -->   1:   8

Container load per track for shipment Company_C_13_7 on day 8 :

   13 -->   7:   7

Container load per track for shipment Company_D_5_10 on day 8 :

    3 -->   7:   1
    5 -->   7:   1
    5 -->  14:   9
    8 -->   9:   7
    5 -->   3:   2
   14 -->   3:   4
    7 -->   6:   3

Container load per track for shipment Company_E_3_13 on day 8 :

    3 -->   7:   4

Container load per track for shipment Company_E_3_15 on day 8 :

    7 -->   6:   1

Container load per track for shipment Company_F_9_2_b on day 8 :

    1 -->   3:   4
    5 -->   2:  20
   14 -->   5:   1

Container load per track for shipment Company_G_11_2 on day 8 :

    1 -->   3:   6
    3 -->  14:   3
    6 -->   7:  15
    5 -->   2:  10
    7 -->   3:   1
    8 -->   4:   1
    7 -->   5:   9
   14 -->   5:   3
    9 -->   6:  18
    9 -->   8:   1
   10 -->   9:  12
   11 -->  10:  10
   15 -->  14:   8

Container load per track for shipment Company_H_12_5 on day 8 :

   14 -->   5:   3
   15 -->  14:   2

Container load per track for shipment Company_H_12_2 on day 8 :

    1 -->   3:   2
    3 -->   5:   8
    3 -->  14:   2
   12 -->  15:  10
    5 -->   2:   5
   12 -->   4:   3
   14 -->   5:   4

Container load per track for shipment Company_I_1_10 on day 8 :

    8 -->   9:   1
    9 -->  10:   9

Container load per track for shipment Company_J_15_9 on day 8 :

    6 -->   9:  12
   15 -->   6:  18

Container load per track for shipment Company_B_1_11 on day 9 :

    1 -->   4:   6
    1 -->   8:   9
    4 -->   6:   9
    4 -->   8:   1
    8 -->   9:  10

Container load per track for shipment Company_C_13_8 on day 9 :

    4 -->   8:  10
   13 -->  14:   3
    3 -->   1:   2
    6 -->   4:   1
    7 -->   6:   3
   13 -->   7:   4

Container load per track for shipment Company_D_5_6 on day 9 :

    5 -->  14:   2

Container load per track for shipment Company_D_5_10 on day 9 :

    3 -->   7:   6
    5 -->  14:   3
    6 -->  15:   3
    9 -->  10:   7
    5 -->   3:   3
   14 -->   3:   4
    7 -->   6:   2
   14 -->  13:   5

Container load per track for shipment Company_E_3_13 on day 9 :

    7 -->  13:   4

Container load per track for shipment Company_E_3_15 on day 9 :

    6 -->  15:   1

Container load per track for shipment Company_F_9_2_b on day 9 :

    3 -->   5:   4
    5 -->   2:   1

Container load per track for shipment Company_G_11_7 on day 9 :

   11 -->  10:  12

Container load per track for shipment Company_G_11_2 on day 9 :

    3 -->   5:   3
    3 -->  14:   4
    6 -->   7:  15
    6 -->  15:   3
    7 -->  13:   2
    4 -->   1:   1
    8 -->   1:   1
    5 -->   2:  12
    7 -->   3:   3
    7 -->   5:  10
   14 -->   5:  11
    9 -->   6:  12
   10 -->   9:  10

Container load per track for shipment Company_H_12_5 on day 9 :

   14 -->   5:   2

Container load per track for shipment Company_H_12_2 on day 9 :

    3 -->  14:   2
   12 -->  15:   4
    4 -->   1:   3
    5 -->   2:  12
   12 -->   4:  10
   14 -->   5:   2
   15 -->  14:  10

Container load per track for shipment Company_I_1_2 on day 9 :

    1 -->   3:  14

Container load per track for shipment Company_I_1_10 on day 9 :

    9 -->  10:   1

Container load per track for shipment Company_J_15_9 on day 9 :

    6 -->   9:  18
   15 -->   6:  10

Container load per track for shipment Company_B_1_11 on day 10 :

    1 -->   8:   1
    4 -->   6:   6
    6 -->   9:   9
    8 -->   9:  10
    9 -->  10:  10

Container load per track for shipment Company_C_13_8 on day 10 :

    1 -->   8:   2
    4 -->   8:   1
   13 -->  14:   4
   14 -->   3:   3
    6 -->   4:   3
    7 -->   6:   4
   13 -->   7:   5

Container load per track for shipment Company_D_5_6 on day 10 :

   14 -->  13:   2

Container load per track for shipment Company_D_5_10 on day 10 :

    5 -->   7:   1
    6 -->   9:   1
    6 -->  15:   1
   14 -->  15:   3
    3 -->   1:   7
    7 -->   6:   6
   15 -->   6:   3
   13 -->   7:   5

Container load per track for shipment Company_E_3_13 on day 10 :

    3 -->   7:   4

Container load per track for shipment Company_F_9_2_b on day 10 :

    5 -->   2:   4

Container load per track for shipment Company_G_11_7 on day 10 :

   10 -->   9:  12

Container load per track for shipment Company_G_11_2 on day 10 :

    1 -->   3:   2
    3 -->  14:   3
    6 -->   7:  10
    6 -->  15:   2
   13 -->  14:   2
    5 -->   2:  24
    7 -->   3:   6
    7 -->   5:   9
   14 -->   5:   4
    9 -->   6:  10
   15 -->  14:   3

Container load per track for shipment Company_H_12_5 on day 10 :

   12 -->  15:   2
   12 -->   4:  10

Container load per track for shipment Company_H_12_2 on day 10 :

    1 -->   3:   3
   12 -->  15:   8
    4 -->   1:  10
    5 -->   2:   2
   14 -->   5:  12
   15 -->  14:   4

Container load per track for shipment Company_I_1_2 on day 10 :

    1 -->   3:   5
    3 -->   5:  10
    3 -->  14:   4

Container load per track for shipment Company_J_15_9 on day 10 :

    6 -->   9:  10

Container load per track for shipment Company_K_8_15 on day 10 :

    8 -->   1:   7
    8 -->   4:  19

Container load per track for shipment Company_B_1_11 on day 11 :

    6 -->   9:   6
    8 -->   9:   1
    9 -->  10:  19
   10 -->  11:  10

Container load per track for shipment Company_C_13_8 on day 11 :

    4 -->   8:   3
    6 -->   9:   3
    3 -->   1:   3
    7 -->   3:   1
   14 -->   3:   4
    6 -->   4:   1
    7 -->   6:   4

Container load per track for shipment Company_D_5_6 on day 11 :

    5 -->  14:   4
   13 -->   7:   2

Container load per track for shipment Company_D_5_10 on day 11 :

    1 -->   8:   7
    6 -->   9:   9
    9 -->  10:   1
    7 -->   6:   6
   15 -->   6:   4

Container load per track for shipment Company_E_3_13 on day 11 :

    7 -->  13:   4

Container load per track for shipment Company_G_11_7 on day 11 :

    9 -->   6:  12

Container load per track for shipment Company_G_11_2 on day 11 :

    3 -->   5:   5
    3 -->  14:   3
    6 -->   7:  10
    5 -->   2:  13
    7 -->   5:  10
   14 -->   5:   8
   15 -->  14:   2

Container load per track for shipment Company_H_12_5 on day 11 :

   12 -->  15:   6
    4 -->   1:  10
   15 -->   6:   2

Container load per track for shipment Company_H_12_2 on day 11 :

    1 -->   3:  10
    3 -->  14:   3
    5 -->   2:  12
   14 -->   5:   4
   15 -->  14:   8

Container load per track for shipment Company_I_1_2 on day 11 :

    3 -->   5:   5
    5 -->   2:  10
   14 -->   5:   4

Container load per track for shipment Company_K_8_15 on day 11 :

    1 -->   3:   7
    4 -->   6:   9
    4 -->  12:  10
    8 -->   9:   9
    8 -->   4:  17

Container load per track for shipment Company_B_1_11 on day 12 :

    9 -->  10:   7
   10 -->  11:  19

Container load per track for shipment Company_C_13_8 on day 12 :

    1 -->   8:   3
    4 -->   8:   1
    6 -->   9:   1
    3 -->   1:   5
    6 -->   4:   3
    9 -->   8:   3

Container load per track for shipment Company_D_5_6 on day 12 :

   14 -->  15:   4
    7 -->   6:   2

Container load per track for shipment Company_D_5_10 on day 12 :

    6 -->   9:  10
    8 -->   9:   7
    9 -->  10:   9

Container load per track for shipment Company_G_11_7 on day 12 :

    6 -->   7:  12

Container load per track for shipment Company_G_11_2 on day 12 :

    5 -->   2:  23
    7 -->   5:  10
   14 -->   5:   5

Container load per track for shipment Company_H_12_5 on day 12 :

    1 -->   3:  10
    6 -->   7:   2
   15 -->  14:   6

Container load per track for shipment Company_H_12_2 on day 12 :

    3 -->   5:  10
    5 -->   2:   4
   14 -->   5:  11

Container load per track for shipment Company_I_1_2 on day 12 :

    5 -->   2:   9

Container load per track for shipment Company_K_8_15 on day 12 :

    3 -->  14:   7
    4 -->   6:   7
    4 -->  12:  10
    6 -->  15:   9
   12 -->  15:  10
    9 -->   6:   9

Container load per track for shipment Company_B_1_11 on day 13 :

   10 -->  11:   7

Container load per track for shipment Company_C_13_8 on day 13 :

    1 -->   8:   5
    4 -->   8:   3
    9 -->   8:   1

Container load per track for shipment Company_D_5_6 on day 13 :

   15 -->   6:   4

Container load per track for shipment Company_D_5_10 on day 13 :

    9 -->  10:  17

Container load per track for shipment Company_G_11_2 on day 13 :

    5 -->   2:  15

Container load per track for shipment Company_H_12_5 on day 13 :

    3 -->   5:  10
    7 -->   5:   2
   14 -->   5:   6

Container load per track for shipment Company_H_12_2 on day 13 :

    5 -->   2:  21

Container load per track for shipment Company_K_8_15 on day 13 :

    6 -->  15:  16
   12 -->  15:  10
   14 -->  15:   7

Total load per track:

Load on day 1 
  1-->  4:   6 with a maximum allowed of 10 
  3--> 14:  10 with a maximum allowed of 10 
  4-->  6:   9 with a maximum allowed of 10 
  4--> 12:  10 with a maximum allowed of 10 
  6-->  9:  11 with a maximum allowed of 30 
  8-->  9:   9 with a maximum allowed of 10 
 12--> 15:  10 with a maximum allowed of 10 
Load on day 2 
  1-->  3:   6 with a maximum allowed of 20 
  1-->  4:  10 with a maximum allowed of 10 
  1-->  8:  10 with a maximum allowed of 10 
  3--> 14:  10 with a maximum allowed of 10 
  4-->  6:  10 with a maximum allowed of 10 
  4--> 12:  10 with a maximum allowed of 10 
  6-->  7:  20 with a maximum allowed of 20 
  6-->  9:  10 with a maximum allowed of 30 
  7--> 13:  10 with a maximum allowed of 10 
  8-->  9:   2 with a maximum allowed of 10 
 12--> 15:  10 with a maximum allowed of 10 
 13--> 14:  10 with a maximum allowed of 10 
 14--> 15:  10 with a maximum allowed of 10 
Load on day 3 
  1-->  3:  19 with a maximum allowed of 20 
  1-->  4:  10 with a maximum allowed of 10 
  1-->  8:  10 with a maximum allowed of 10 
  3-->  5:   8 with a maximum allowed of 10 
  3-->  7:   7 with a maximum allowed of 10 
  3--> 14:   9 with a maximum allowed of 10 
  4-->  6:   5 with a maximum allowed of 10 
  4--> 12:   9 with a maximum allowed of 10 
  5-->  7:  10 with a maximum allowed of 10 
  5--> 14:  10 with a maximum allowed of 20 
  6-->  7:  20 with a maximum allowed of 20 
  6-->  9:  10 with a maximum allowed of 30 
  7--> 13:  10 with a maximum allowed of 10 
  8-->  9:   4 with a maximum allowed of 10 
 10--> 11:  20 with a maximum allowed of 20 
 12--> 15:  10 with a maximum allowed of 10 
 13--> 14:  10 with a maximum allowed of 10 
 14--> 15:  10 with a maximum allowed of 10 
Load on day 4 
  1-->  3:  20 with a maximum allowed of 20 
  1-->  4:  10 with a maximum allowed of 10 
  1-->  8:   8 with a maximum allowed of 10 
  2-->  5:  25 with a maximum allowed of 40 
  3-->  5:  10 with a maximum allowed of 10 
  3-->  7:   1 with a maximum allowed of 10 
  3--> 14:  10 with a maximum allowed of 10 
  5-->  7:  10 with a maximum allowed of 10 
  5--> 14:  13 with a maximum allowed of 20 
  6-->  7:  15 with a maximum allowed of 20 
  6-->  9:  29 with a maximum allowed of 30 
  7--> 13:  10 with a maximum allowed of 10 
  8-->  9:  10 with a maximum allowed of 10 
  9--> 10:  21 with a maximum allowed of 30 
 10--> 11:  20 with a maximum allowed of 20 
 12--> 15:  10 with a maximum allowed of 10 
 13--> 14:  10 with a maximum allowed of 10 
 14--> 15:  10 with a maximum allowed of 10 
Load on day 5 
  1-->  3:  12 with a maximum allowed of 20 
  1-->  4:  10 with a maximum allowed of 10 
  1-->  8:  10 with a maximum allowed of 10 
  2-->  5:  30 with a maximum allowed of 40 
  3-->  5:  10 with a maximum allowed of 10 
  3-->  7:   3 with a maximum allowed of 10 
  3--> 14:  10 with a maximum allowed of 10 
  4-->  6:   1 with a maximum allowed of 10 
  4--> 12:  10 with a maximum allowed of 10 
  5-->  7:  10 with a maximum allowed of 10 
  5--> 14:  20 with a maximum allowed of 20 
  6-->  7:  20 with a maximum allowed of 20 
  6-->  9:  19 with a maximum allowed of 30 
  6--> 15:  10 with a maximum allowed of 20 
  7--> 13:  10 with a maximum allowed of 10 
  8-->  9:  10 with a maximum allowed of 10 
  9--> 10:  28 with a maximum allowed of 30 
 10--> 11:  16 with a maximum allowed of 20 
 13--> 14:   8 with a maximum allowed of 10 
 14--> 15:  10 with a maximum allowed of 10 
Load on day 6 
  1-->  3:  13 with a maximum allowed of 20 
  1-->  4:  10 with a maximum allowed of 10 
  1-->  8:  10 with a maximum allowed of 10 
  2-->  5:  33 with a maximum allowed of 40 
  3-->  5:  10 with a maximum allowed of 10 
  3-->  7:   9 with a maximum allowed of 10 
  3--> 14:  10 with a maximum allowed of 10 
  4-->  6:   6 with a maximum allowed of 10 
  4-->  8:   4 with a maximum allowed of 20 
  4--> 12:  10 with a maximum allowed of 10 
  5-->  7:  10 with a maximum allowed of 10 
  5--> 14:  20 with a maximum allowed of 20 
  6-->  7:  20 with a maximum allowed of 20 
  6-->  9:  19 with a maximum allowed of 30 
  6--> 15:  19 with a maximum allowed of 20 
  7--> 13:  10 with a maximum allowed of 10 
  8-->  9:  10 with a maximum allowed of 10 
  9--> 10:  21 with a maximum allowed of 30 
 10--> 11:  19 with a maximum allowed of 20 
 12--> 15:   7 with a maximum allowed of 10 
 13--> 14:   8 with a maximum allowed of 10 
 14--> 15:  10 with a maximum allowed of 10 
Load on day 7 
  1-->  3:  18 with a maximum allowed of 20 
  1-->  4:  10 with a maximum allowed of 10 
  1-->  8:  10 with a maximum allowed of 10 
  2-->  5:  36 with a maximum allowed of 40 
  3-->  5:  10 with a maximum allowed of 10 
  3-->  7:   4 with a maximum allowed of 10 
  3--> 14:  10 with a maximum allowed of 10 
  4-->  6:  10 with a maximum allowed of 10 
  5-->  7:  10 with a maximum allowed of 10 
  5--> 14:  19 with a maximum allowed of 20 
  6-->  7:  20 with a maximum allowed of 20 
  6-->  9:  30 with a maximum allowed of 30 
  6--> 15:  20 with a maximum allowed of 20 
  7--> 13:  10 with a maximum allowed of 10 
  8-->  9:  10 with a maximum allowed of 10 
  9--> 10:  28 with a maximum allowed of 30 
 10--> 11:  12 with a maximum allowed of 20 
 12--> 15:  10 with a maximum allowed of 10 
 13--> 14:   1 with a maximum allowed of 10 
 14--> 15:  10 with a maximum allowed of 10 
Load on day 8 
  1-->  3:  20 with a maximum allowed of 20 
  1-->  4:  10 with a maximum allowed of 10 
  1-->  8:  10 with a maximum allowed of 10 
  2-->  5:  35 with a maximum allowed of 40 
  3-->  5:  10 with a maximum allowed of 10 
  3-->  7:   7 with a maximum allowed of 10 
  3--> 14:  10 with a maximum allowed of 10 
  4-->  6:  10 with a maximum allowed of 10 
  4-->  8:  11 with a maximum allowed of 20 
  4--> 12:   3 with a maximum allowed of 10 
  5-->  7:  10 with a maximum allowed of 10 
  5--> 14:  20 with a maximum allowed of 20 
  6-->  7:  20 with a maximum allowed of 20 
  6-->  9:  30 with a maximum allowed of 30 
  6--> 15:  18 with a maximum allowed of 20 
  7--> 13:  10 with a maximum allowed of 10 
  8-->  9:   9 with a maximum allowed of 10 
  9--> 10:  21 with a maximum allowed of 30 
 10--> 11:  10 with a maximum allowed of 20 
 12--> 15:  10 with a maximum allowed of 10 
 14--> 15:  10 with a maximum allowed of 10 
Load on day 9 
  1-->  3:  16 with a maximum allowed of 20 
  1-->  4:  10 with a maximum allowed of 10 
  1-->  8:  10 with a maximum allowed of 10 
  2-->  5:  25 with a maximum allowed of 40 
  3-->  5:  10 with a maximum allowed of 10 
  3-->  7:   9 with a maximum allowed of 10 
  3--> 14:  10 with a maximum allowed of 10 
  4-->  6:  10 with a maximum allowed of 10 
  4-->  8:  11 with a maximum allowed of 20 
  4--> 12:  10 with a maximum allowed of 10 
  5-->  7:  10 with a maximum allowed of 10 
  5--> 14:  20 with a maximum allowed of 20 
  6-->  7:  20 with a maximum allowed of 20 
  6-->  9:  30 with a maximum allowed of 30 
  6--> 15:  17 with a maximum allowed of 20 
  7--> 13:  10 with a maximum allowed of 10 
  8-->  9:  10 with a maximum allowed of 10 
  9--> 10:  18 with a maximum allowed of 30 
 10--> 11:  12 with a maximum allowed of 20 
 12--> 15:   4 with a maximum allowed of 10 
 13--> 14:   8 with a maximum allowed of 10 
 14--> 15:  10 with a maximum allowed of 10 
Load on day 10 
  1-->  3:  17 with a maximum allowed of 20 
  1-->  4:  10 with a maximum allowed of 10 
  1-->  8:  10 with a maximum allowed of 10 
  2-->  5:  30 with a maximum allowed of 40 
  3-->  5:  10 with a maximum allowed of 10 
  3-->  7:  10 with a maximum allowed of 10 
  3--> 14:  10 with a maximum allowed of 10 
  4-->  6:   9 with a maximum allowed of 10 
  4-->  8:  20 with a maximum allowed of 20 
  4--> 12:  10 with a maximum allowed of 10 
  5-->  7:  10 with a maximum allowed of 10 
  5--> 14:  16 with a maximum allowed of 20 
  6-->  7:  20 with a maximum allowed of 20 
  6-->  9:  30 with a maximum allowed of 30 
  6--> 15:   6 with a maximum allowed of 20 
  7--> 13:  10 with a maximum allowed of 10 
  8-->  9:  10 with a maximum allowed of 10 
  9--> 10:  22 with a maximum allowed of 30 
 12--> 15:  10 with a maximum allowed of 10 
 13--> 14:   8 with a maximum allowed of 10 
 14--> 15:  10 with a maximum allowed of 10 
Load on day 11 
  1-->  3:  20 with a maximum allowed of 20 
  1-->  4:  10 with a maximum allowed of 10 
  1-->  8:   7 with a maximum allowed of 10 
  2-->  5:  35 with a maximum allowed of 40 
  3-->  5:  10 with a maximum allowed of 10 
  3-->  7:   1 with a maximum allowed of 10 
  3--> 14:  10 with a maximum allowed of 10 
  4-->  6:  10 with a maximum allowed of 10 
  4-->  8:  20 with a maximum allowed of 20 
  4--> 12:  10 with a maximum allowed of 10 
  5-->  7:  10 with a maximum allowed of 10 
  5--> 14:  20 with a maximum allowed of 20 
  6-->  7:  20 with a maximum allowed of 20 
  6-->  9:  30 with a maximum allowed of 30 
  6--> 15:   6 with a maximum allowed of 20 
  7--> 13:   6 with a maximum allowed of 10 
  8-->  9:  10 with a maximum allowed of 10 
  9--> 10:  20 with a maximum allowed of 30 
 10--> 11:  10 with a maximum allowed of 20 
 12--> 15:   6 with a maximum allowed of 10 
 14--> 15:  10 with a maximum allowed of 10 
Load on day 12 
  1-->  3:  15 with a maximum allowed of 20 
  1-->  8:   3 with a maximum allowed of 10 
  2-->  5:  36 with a maximum allowed of 40 
  3-->  5:  10 with a maximum allowed of 10 
  3--> 14:   7 with a maximum allowed of 10 
  4-->  6:  10 with a maximum allowed of 10 
  4-->  8:   1 with a maximum allowed of 20 
  4--> 12:  10 with a maximum allowed of 10 
  5-->  7:  10 with a maximum allowed of 10 
  5--> 14:  16 with a maximum allowed of 20 
  6-->  7:  16 with a maximum allowed of 20 
  6-->  9:  20 with a maximum allowed of 30 
  6--> 15:   9 with a maximum allowed of 20 
  8-->  9:  10 with a maximum allowed of 10 
  9--> 10:  16 with a maximum allowed of 30 
 10--> 11:  19 with a maximum allowed of 20 
 12--> 15:  10 with a maximum allowed of 10 
 14--> 15:  10 with a maximum allowed of 10 
Load on day 13 
  1-->  8:   5 with a maximum allowed of 10 
  2-->  5:  36 with a maximum allowed of 40 
  3-->  5:  10 with a maximum allowed of 10 
  4-->  8:   3 with a maximum allowed of 20 
  5-->  7:   2 with a maximum allowed of 10 
  5--> 14:   6 with a maximum allowed of 20 
  6--> 15:  20 with a maximum allowed of 20 
  8-->  9:   1 with a maximum allowed of 10 
  9--> 10:  17 with a maximum allowed of 30 
 10--> 11:   7 with a maximum allowed of 20 
 12--> 15:  10 with a maximum allowed of 10 
 14--> 15:   7 with a maximum allowed of 10 
Load on day 14 

 Track at Maximum:

Load on day 1 
  3--> 14:  10 with a maximum allowed of 10 
  4--> 12:  10 with a maximum allowed of 10 
 12--> 15:  10 with a maximum allowed of 10 
Load on day 2 
  1-->  4:  10 with a maximum allowed of 10 
  1-->  8:  10 with a maximum allowed of 10 
  3--> 14:  10 with a maximum allowed of 10 
  4-->  6:  10 with a maximum allowed of 10 
  4--> 12:  10 with a maximum allowed of 10 
  6-->  7:  20 with a maximum allowed of 20 
  7--> 13:  10 with a maximum allowed of 10 
 12--> 15:  10 with a maximum allowed of 10 
 13--> 14:  10 with a maximum allowed of 10 
 14--> 15:  10 with a maximum allowed of 10 
Load on day 3 
  1-->  4:  10 with a maximum allowed of 10 
  1-->  8:  10 with a maximum allowed of 10 
  5-->  7:  10 with a maximum allowed of 10 
  6-->  7:  20 with a maximum allowed of 20 
  7--> 13:  10 with a maximum allowed of 10 
 10--> 11:  20 with a maximum allowed of 20 
 12--> 15:  10 with a maximum allowed of 10 
 13--> 14:  10 with a maximum allowed of 10 
 14--> 15:  10 with a maximum allowed of 10 
Load on day 4 
  1-->  3:  20 with a maximum allowed of 20 
  1-->  4:  10 with a maximum allowed of 10 
  3-->  5:  10 with a maximum allowed of 10 
  3--> 14:  10 with a maximum allowed of 10 
  5-->  7:  10 with a maximum allowed of 10 
  7--> 13:  10 with a maximum allowed of 10 
  8-->  9:  10 with a maximum allowed of 10 
 10--> 11:  20 with a maximum allowed of 20 
 12--> 15:  10 with a maximum allowed of 10 
 13--> 14:  10 with a maximum allowed of 10 
 14--> 15:  10 with a maximum allowed of 10 
Load on day 5 
  1-->  4:  10 with a maximum allowed of 10 
  1-->  8:  10 with a maximum allowed of 10 
  3-->  5:  10 with a maximum allowed of 10 
  3--> 14:  10 with a maximum allowed of 10 
  4--> 12:  10 with a maximum allowed of 10 
  5-->  7:  10 with a maximum allowed of 10 
  5--> 14:  20 with a maximum allowed of 20 
  6-->  7:  20 with a maximum allowed of 20 
  7--> 13:  10 with a maximum allowed of 10 
  8-->  9:  10 with a maximum allowed of 10 
 14--> 15:  10 with a maximum allowed of 10 
Load on day 6 
  1-->  4:  10 with a maximum allowed of 10 
  1-->  8:  10 with a maximum allowed of 10 
  3-->  5:  10 with a maximum allowed of 10 
  3--> 14:  10 with a maximum allowed of 10 
  4--> 12:  10 with a maximum allowed of 10 
  5-->  7:  10 with a maximum allowed of 10 
  5--> 14:  20 with a maximum allowed of 20 
  6-->  7:  20 with a maximum allowed of 20 
  7--> 13:  10 with a maximum allowed of 10 
  8-->  9:  10 with a maximum allowed of 10 
 14--> 15:  10 with a maximum allowed of 10 
Load on day 7 
  1-->  4:  10 with a maximum allowed of 10 
  1-->  8:  10 with a maximum allowed of 10 
  3-->  5:  10 with a maximum allowed of 10 
  3--> 14:  10 with a maximum allowed of 10 
  4-->  6:  10 with a maximum allowed of 10 
  5-->  7:  10 with a maximum allowed of 10 
  6-->  7:  20 with a maximum allowed of 20 
  6-->  9:  30 with a maximum allowed of 30 
  6--> 15:  20 with a maximum allowed of 20 
  7--> 13:  10 with a maximum allowed of 10 
  8-->  9:  10 with a maximum allowed of 10 
 12--> 15:  10 with a maximum allowed of 10 
 14--> 15:  10 with a maximum allowed of 10 
Load on day 8 
  1-->  3:  20 with a maximum allowed of 20 
  1-->  4:  10 with a maximum allowed of 10 
  1-->  8:  10 with a maximum allowed of 10 
  3-->  5:  10 with a maximum allowed of 10 
  3--> 14:  10 with a maximum allowed of 10 
  4-->  6:  10 with a maximum allowed of 10 
  5-->  7:  10 with a maximum allowed of 10 
  5--> 14:  20 with a maximum allowed of 20 
  6-->  7:  20 with a maximum allowed of 20 
  6-->  9:  30 with a maximum allowed of 30 
  7--> 13:  10 with a maximum allowed of 10 
 12--> 15:  10 with a maximum allowed of 10 
 14--> 15:  10 with a maximum allowed of 10 
Load on day 9 
  1-->  4:  10 with a maximum allowed of 10 
  1-->  8:  10 with a maximum allowed of 10 
  3-->  5:  10 with a maximum allowed of 10 
  3--> 14:  10 with a maximum allowed of 10 
  4-->  6:  10 with a maximum allowed of 10 
  4--> 12:  10 with a maximum allowed of 10 
  5-->  7:  10 with a maximum allowed of 10 
  5--> 14:  20 with a maximum allowed of 20 
  6-->  7:  20 with a maximum allowed of 20 
  6-->  9:  30 with a maximum allowed of 30 
  7--> 13:  10 with a maximum allowed of 10 
  8-->  9:  10 with a maximum allowed of 10 
 14--> 15:  10 with a maximum allowed of 10 
Load on day 10 
  1-->  4:  10 with a maximum allowed of 10 
  1-->  8:  10 with a maximum allowed of 10 
  3-->  5:  10 with a maximum allowed of 10 
  3-->  7:  10 with a maximum allowed of 10 
  3--> 14:  10 with a maximum allowed of 10 
  4-->  8:  20 with a maximum allowed of 20 
  4--> 12:  10 with a maximum allowed of 10 
  5-->  7:  10 with a maximum allowed of 10 
  6-->  7:  20 with a maximum allowed of 20 
  6-->  9:  30 with a maximum allowed of 30 
  7--> 13:  10 with a maximum allowed of 10 
  8-->  9:  10 with a maximum allowed of 10 
 12--> 15:  10 with a maximum allowed of 10 
 14--> 15:  10 with a maximum allowed of 10 
Load on day 11 
  1-->  3:  20 with a maximum allowed of 20 
  1-->  4:  10 with a maximum allowed of 10 
  3-->  5:  10 with a maximum allowed of 10 
  3--> 14:  10 with a maximum allowed of 10 
  4-->  6:  10 with a maximum allowed of 10 
  4-->  8:  20 with a maximum allowed of 20 
  4--> 12:  10 with a maximum allowed of 10 
  5-->  7:  10 with a maximum allowed of 10 
  5--> 14:  20 with a maximum allowed of 20 
  6-->  7:  20 with a maximum allowed of 20 
  6-->  9:  30 with a maximum allowed of 30 
  8-->  9:  10 with a maximum allowed of 10 
 14--> 15:  10 with a maximum allowed of 10 
Load on day 12 
  3-->  5:  10 with a maximum allowed of 10 
  4-->  6:  10 with a maximum allowed of 10 
  4--> 12:  10 with a maximum allowed of 10 
  5-->  7:  10 with a maximum allowed of 10 
  8-->  9:  10 with a maximum allowed of 10 
 12--> 15:  10 with a maximum allowed of 10 
 14--> 15:  10 with a maximum allowed of 10 
Load on day 13 
  3-->  5:  10 with a maximum allowed of 10 
  6--> 15:  20 with a maximum allowed of 20 
 12--> 15:  10 with a maximum allowed of 10 
Load on day 14 

 Expansion Necessary for Tracks:

Load on day 1 
  6-->  9:  11 with a maximum allowed of 30 
Load on day 2 
  6-->  7:  20 with a maximum allowed of 20 
Load on day 3 
  1-->  3:  19 with a maximum allowed of 20 
  6-->  7:  20 with a maximum allowed of 20 
 10--> 11:  20 with a maximum allowed of 20 
Load on day 4 
  1-->  3:  20 with a maximum allowed of 20 
  2-->  5:  25 with a maximum allowed of 40 
  5--> 14:  13 with a maximum allowed of 20 
  6-->  7:  15 with a maximum allowed of 20 
  6-->  9:  29 with a maximum allowed of 30 
  9--> 10:  21 with a maximum allowed of 30 
 10--> 11:  20 with a maximum allowed of 20 
Load on day 5 
  1-->  3:  12 with a maximum allowed of 20 
  2-->  5:  30 with a maximum allowed of 40 
  5--> 14:  20 with a maximum allowed of 20 
  6-->  7:  20 with a maximum allowed of 20 
  6-->  9:  19 with a maximum allowed of 30 
  9--> 10:  28 with a maximum allowed of 30 
 10--> 11:  16 with a maximum allowed of 20 
Load on day 6 
  1-->  3:  13 with a maximum allowed of 20 
  2-->  5:  33 with a maximum allowed of 40 
  5--> 14:  20 with a maximum allowed of 20 
  6-->  7:  20 with a maximum allowed of 20 
  6-->  9:  19 with a maximum allowed of 30 
  6--> 15:  19 with a maximum allowed of 20 
  9--> 10:  21 with a maximum allowed of 30 
 10--> 11:  19 with a maximum allowed of 20 
Load on day 7 
  1-->  3:  18 with a maximum allowed of 20 
  2-->  5:  36 with a maximum allowed of 40 
  5--> 14:  19 with a maximum allowed of 20 
  6-->  7:  20 with a maximum allowed of 20 
  6-->  9:  30 with a maximum allowed of 30 
  6--> 15:  20 with a maximum allowed of 20 
  9--> 10:  28 with a maximum allowed of 30 
 10--> 11:  12 with a maximum allowed of 20 
Load on day 8 
  1-->  3:  20 with a maximum allowed of 20 
  2-->  5:  35 with a maximum allowed of 40 
  4-->  8:  11 with a maximum allowed of 20 
  5--> 14:  20 with a maximum allowed of 20 
  6-->  7:  20 with a maximum allowed of 20 
  6-->  9:  30 with a maximum allowed of 30 
  6--> 15:  18 with a maximum allowed of 20 
  9--> 10:  21 with a maximum allowed of 30 
Load on day 9 
  1-->  3:  16 with a maximum allowed of 20 
  2-->  5:  25 with a maximum allowed of 40 
  4-->  8:  11 with a maximum allowed of 20 
  5--> 14:  20 with a maximum allowed of 20 
  6-->  7:  20 with a maximum allowed of 20 
  6-->  9:  30 with a maximum allowed of 30 
  6--> 15:  17 with a maximum allowed of 20 
  9--> 10:  18 with a maximum allowed of 30 
 10--> 11:  12 with a maximum allowed of 20 
Load on day 10 
  1-->  3:  17 with a maximum allowed of 20 
  2-->  5:  30 with a maximum allowed of 40 
  4-->  8:  20 with a maximum allowed of 20 
  5--> 14:  16 with a maximum allowed of 20 
  6-->  7:  20 with a maximum allowed of 20 
  6-->  9:  30 with a maximum allowed of 30 
  9--> 10:  22 with a maximum allowed of 30 
Load on day 11 
  1-->  3:  20 with a maximum allowed of 20 
  2-->  5:  35 with a maximum allowed of 40 
  4-->  8:  20 with a maximum allowed of 20 
  5--> 14:  20 with a maximum allowed of 20 
  6-->  7:  20 with a maximum allowed of 20 
  6-->  9:  30 with a maximum allowed of 30 
  9--> 10:  20 with a maximum allowed of 30 
Load on day 12 
  1-->  3:  15 with a maximum allowed of 20 
  2-->  5:  36 with a maximum allowed of 40 
  5--> 14:  16 with a maximum allowed of 20 
  6-->  7:  16 with a maximum allowed of 20 
  6-->  9:  20 with a maximum allowed of 30 
  9--> 10:  16 with a maximum allowed of 30 
 10--> 11:  19 with a maximum allowed of 20 
Load on day 13 
  2-->  5:  36 with a maximum allowed of 40 
  6--> 15:  20 with a maximum allowed of 20 
  9--> 10:  17 with a maximum allowed of 30 
Load on day 14 

Total reload per station on each day:

On day 1 at station 1 
 There are 6 containers being reloaded with a maximum allowed of 24 

On day 1 at station 4 
 There are 10 containers being reloaded with a maximum allowed of 36 

On day 1 at station 6 
 There are 20 containers being reloaded with a maximum allowed of 48 

On day 1 at station 8 
 There are 9 containers being reloaded with a maximum allowed of 36 

On day 1 at station 14 
 There are 10 containers being reloaded with a maximum allowed of 24 

On day 1 at station 15 
 There are 10 containers being reloaded with a maximum allowed of 36 

On day 2 at station 1 
 There are 19 containers being reloaded with a maximum allowed of 24 

On day 2 at station 3 
 There are 6 containers being reloaded with a maximum allowed of 24 

On day 2 at station 4 
 There are 10 containers being reloaded with a maximum allowed of 36 

On day 2 at station 6 
 There are 20 containers being reloaded with a maximum allowed of 48 

On day 2 at station 7 
 There are 30 containers being reloaded with a maximum allowed of 36 

On day 2 at station 8 
 There are 3 containers being reloaded with a maximum allowed of 36 

On day 2 at station 13 
 There are 10 containers being reloaded with a maximum allowed of 36 

On day 2 at station 14 
 There are 20 containers being reloaded with a maximum allowed of 24 

On day 2 at station 15 
 There are 10 containers being reloaded with a maximum allowed of 36 

On day 3 at station 1 
 There are 12 containers being reloaded with a maximum allowed of 24 

On day 3 at station 3 
 There are 20 containers being reloaded with a maximum allowed of 24 

On day 3 at station 4 
 There are 9 containers being reloaded with a maximum allowed of 36 

On day 3 at station 5 
 There are 28 containers being reloaded with a maximum allowed of 36 

On day 3 at station 6 
 There are 15 containers being reloaded with a maximum allowed of 48 

On day 3 at station 7 
 There are 36 containers being reloaded with a maximum allowed of 36 

On day 3 at station 8 
 There are 11 containers being reloaded with a maximum allowed of 36 

On day 3 at station 9 
 There are 1 containers being reloaded with a maximum allowed of 48 

On day 3 at station 10 
 There are 20 containers being reloaded with a maximum allowed of 24 

On day 3 at station 13 
 There are 10 containers being reloaded with a maximum allowed of 36 

On day 3 at station 14 
 There are 19 containers being reloaded with a maximum allowed of 24 

On day 3 at station 15 
 There are 10 containers being reloaded with a maximum allowed of 36 

On day 4 at station 1 
 There are 20 containers being reloaded with a maximum allowed of 24 

On day 4 at station 2 
 There are 25 containers being reloaded with a maximum allowed of 36 

On day 4 at station 3 
 There are 12 containers being reloaded with a maximum allowed of 24 

On day 4 at station 4 
 There are 1 containers being reloaded with a maximum allowed of 36 

On day 4 at station 5 
 There are 30 containers being reloaded with a maximum allowed of 36 

On day 4 at station 6 
 There are 29 containers being reloaded with a maximum allowed of 48 

On day 4 at station 7 
 There are 26 containers being reloaded with a maximum allowed of 36 

On day 4 at station 8 
 There are 7 containers being reloaded with a maximum allowed of 36 

On day 4 at station 9 
 There are 28 containers being reloaded with a maximum allowed of 48 

On day 4 at station 10 
 There are 21 containers being reloaded with a maximum allowed of 24 

On day 4 at station 13 
 There are 9 containers being reloaded with a maximum allowed of 36 

On day 4 at station 14 
 There are 24 containers being reloaded with a maximum allowed of 24 

On day 4 at station 15 
 There are 10 containers being reloaded with a maximum allowed of 36 

On day 5 at station 1 
 There are 2 containers being reloaded with a maximum allowed of 24 

On day 5 at station 2 
 There are 30 containers being reloaded with a maximum allowed of 36 

On day 5 at station 3 
 There are 23 containers being reloaded with a maximum allowed of 24 

On day 5 at station 4 
 There are 20 containers being reloaded with a maximum allowed of 36 

On day 5 at station 5 
 There are 33 containers being reloaded with a maximum allowed of 36 

On day 5 at station 6 
 There are 21 containers being reloaded with a maximum allowed of 48 

On day 5 at station 7 
 There are 29 containers being reloaded with a maximum allowed of 36 

On day 5 at station 8 
 There are 13 containers being reloaded with a maximum allowed of 36 

On day 5 at station 9 
 There are 25 containers being reloaded with a maximum allowed of 48 

On day 5 at station 10 
 There are 24 containers being reloaded with a maximum allowed of 24 

On day 5 at station 13 
 There are 3 containers being reloaded with a maximum allowed of 36 

On day 5 at station 14 
 There are 24 containers being reloaded with a maximum allowed of 24 

On day 5 at station 15 
 There are 10 containers being reloaded with a maximum allowed of 36 

On day 6 at station 1 
 There are 24 containers being reloaded with a maximum allowed of 24 

On day 6 at station 2 
 There are 33 containers being reloaded with a maximum allowed of 36 

On day 6 at station 3 
 There are 19 containers being reloaded with a maximum allowed of 24 

On day 6 at station 4 
 There are 10 containers being reloaded with a maximum allowed of 36 

On day 6 at station 5 
 There are 36 containers being reloaded with a maximum allowed of 36 

On day 6 at station 6 
 There are 43 containers being reloaded with a maximum allowed of 48 

On day 6 at station 7 
 There are 20 containers being reloaded with a maximum allowed of 36 

On day 6 at station 8 
 There are 11 containers being reloaded with a maximum allowed of 36 

On day 6 at station 9 
 There are 25 containers being reloaded with a maximum allowed of 48 

On day 6 at station 10 
 There are 24 containers being reloaded with a maximum allowed of 24 

On day 6 at station 12 
 There are 8 containers being reloaded with a maximum allowed of 36 

On day 6 at station 14 
 There are 24 containers being reloaded with a maximum allowed of 24 

On day 6 at station 15 
 There are 11 containers being reloaded with a maximum allowed of 36 

On day 7 at station 1 
 There are 17 containers being reloaded with a maximum allowed of 24 

On day 7 at station 2 
 There are 36 containers being reloaded with a maximum allowed of 36 

On day 7 at station 3 
 There are 22 containers being reloaded with a maximum allowed of 24 

On day 7 at station 4 
 There are 10 containers being reloaded with a maximum allowed of 36 

On day 7 at station 5 
 There are 35 containers being reloaded with a maximum allowed of 36 

On day 7 at station 6 
 There are 37 containers being reloaded with a maximum allowed of 48 

On day 7 at station 7 
 There are 24 containers being reloaded with a maximum allowed of 36 

On day 7 at station 8 
 There are 9 containers being reloaded with a maximum allowed of 36 

On day 7 at station 9 
 There are 43 containers being reloaded with a maximum allowed of 48 

On day 7 at station 10 
 There are 21 containers being reloaded with a maximum allowed of 24 

On day 7 at station 14 
 There are 16 containers being reloaded with a maximum allowed of 24 

On day 7 at station 15 
 There are 18 containers being reloaded with a maximum allowed of 36 

On day 8 at station 1 
 There are 8 containers being reloaded with a maximum allowed of 24 

On day 8 at station 2 
 There are 35 containers being reloaded with a maximum allowed of 36 

On day 8 at station 3 
 There are 21 containers being reloaded with a maximum allowed of 24 

On day 8 at station 4 
 There are 24 containers being reloaded with a maximum allowed of 36 

On day 8 at station 5 
 There are 28 containers being reloaded with a maximum allowed of 36 

On day 8 at station 6 
 There are 41 containers being reloaded with a maximum allowed of 48 

On day 8 at station 7 
 There are 31 containers being reloaded with a maximum allowed of 36 

On day 8 at station 8 
 There are 21 containers being reloaded with a maximum allowed of 36 

On day 8 at station 9 
 There are 32 containers being reloaded with a maximum allowed of 48 

On day 8 at station 10 
 There are 19 containers being reloaded with a maximum allowed of 24 

On day 8 at station 14 
 There are 24 containers being reloaded with a maximum allowed of 24 

On day 8 at station 15 
 There are 10 containers being reloaded with a maximum allowed of 36 

On day 9 at station 1 
 There are 7 containers being reloaded with a maximum allowed of 24 

On day 9 at station 2 
 There are 25 containers being reloaded with a maximum allowed of 36 

On day 9 at station 3 
 There are 24 containers being reloaded with a maximum allowed of 24 

On day 9 at station 4 
 There are 17 containers being reloaded with a maximum allowed of 36 

On day 9 at station 5 
 There are 32 containers being reloaded with a maximum allowed of 36 

On day 9 at station 6 
 There are 36 containers being reloaded with a maximum allowed of 48 

On day 9 at station 7 
 There are 25 containers being reloaded with a maximum allowed of 36 

On day 9 at station 8 
 There are 20 containers being reloaded with a maximum allowed of 36 

On day 9 at station 9 
 There are 38 containers being reloaded with a maximum allowed of 48 

On day 9 at station 10 
 There are 20 containers being reloaded with a maximum allowed of 24 

On day 9 at station 13 
 There are 11 containers being reloaded with a maximum allowed of 36 

On day 9 at station 14 
 There are 24 containers being reloaded with a maximum allowed of 24 

On day 9 at station 15 
 There are 11 containers being reloaded with a maximum allowed of 36 

On day 10 at station 1 
 There are 24 containers being reloaded with a maximum allowed of 24 

On day 10 at station 2 
 There are 30 containers being reloaded with a maximum allowed of 36 

On day 10 at station 3 
 There are 19 containers being reloaded with a maximum allowed of 24 

On day 10 at station 4 
 There are 32 containers being reloaded with a maximum allowed of 36 

On day 10 at station 5 
 There are 35 containers being reloaded with a maximum allowed of 36 

On day 10 at station 6 
 There are 29 containers being reloaded with a maximum allowed of 48 

On day 10 at station 7 
 There are 25 containers being reloaded with a maximum allowed of 36 

On day 10 at station 8 
 There are 4 containers being reloaded with a maximum allowed of 36 

On day 10 at station 9 
 There are 42 containers being reloaded with a maximum allowed of 48 

On day 10 at station 10 
 There are 10 containers being reloaded with a maximum allowed of 24 

On day 10 at station 13 
 There are 2 containers being reloaded with a maximum allowed of 36 

On day 10 at station 14 
 There are 20 containers being reloaded with a maximum allowed of 24 

On day 10 at station 15 
 There are 16 containers being reloaded with a maximum allowed of 36 

On day 11 at station 1 
 There are 13 containers being reloaded with a maximum allowed of 24 

On day 11 at station 2 
 There are 35 containers being reloaded with a maximum allowed of 36 

On day 11 at station 3 
 There are 22 containers being reloaded with a maximum allowed of 24 

On day 11 at station 4 
 There are 18 containers being reloaded with a maximum allowed of 36 

On day 11 at station 5 
 There are 36 containers being reloaded with a maximum allowed of 36 

On day 11 at station 6 
 There are 37 containers being reloaded with a maximum allowed of 48 

On day 11 at station 7 
 There are 12 containers being reloaded with a maximum allowed of 36 

On day 11 at station 8 
 There are 10 containers being reloaded with a maximum allowed of 36 

On day 11 at station 9 
 There are 28 containers being reloaded with a maximum allowed of 48 

On day 11 at station 10 
 There are 20 containers being reloaded with a maximum allowed of 24 

On day 11 at station 11 
 There are 10 containers being reloaded with a maximum allowed of 24 

On day 11 at station 12 
 There are 10 containers being reloaded with a maximum allowed of 36 

On day 11 at station 13 
 There are 4 containers being reloaded with a maximum allowed of 36 

On day 11 at station 14 
 There are 20 containers being reloaded with a maximum allowed of 24 

On day 11 at station 15 
 There are 6 containers being reloaded with a maximum allowed of 36 

On day 12 at station 1 
 There are 5 containers being reloaded with a maximum allowed of 24 

On day 12 at station 2 
 There are 36 containers being reloaded with a maximum allowed of 36 

On day 12 at station 3 
 There are 10 containers being reloaded with a maximum allowed of 24 

On day 12 at station 4 
 There are 3 containers being reloaded with a maximum allowed of 36 

On day 12 at station 5 
 There are 36 containers being reloaded with a maximum allowed of 36 

On day 12 at station 6 
 There are 18 containers being reloaded with a maximum allowed of 48 

On day 12 at station 7 
 There are 14 containers being reloaded with a maximum allowed of 36 

On day 12 at station 8 
 There are 7 containers being reloaded with a maximum allowed of 36 

On day 12 at station 9 
 There are 18 containers being reloaded with a maximum allowed of 48 

On day 12 at station 10 
 There are 16 containers being reloaded with a maximum allowed of 24 

On day 12 at station 11 
 There are 19 containers being reloaded with a maximum allowed of 24 

On day 12 at station 12 
 There are 10 containers being reloaded with a maximum allowed of 36 

On day 12 at station 14 
 There are 13 containers being reloaded with a maximum allowed of 24 

On day 12 at station 15 
 There are 23 containers being reloaded with a maximum allowed of 36 

On day 13 at station 2 
 There are 36 containers being reloaded with a maximum allowed of 36 

On day 13 at station 5 
 There are 18 containers being reloaded with a maximum allowed of 36 

On day 13 at station 6 
 There are 4 containers being reloaded with a maximum allowed of 48 

On day 13 at station 8 
 There are 9 containers being reloaded with a maximum allowed of 36 

On day 13 at station 10 
 There are 17 containers being reloaded with a maximum allowed of 24 

On day 13 at station 11 
 There are 7 containers being reloaded with a maximum allowed of 24 

On day 13 at station 15 
 There are 33 containers being reloaded with a maximum allowed of 36 


 Reload at Maximum 

On day 3 at station 7 
 There are 36 containers being reloaded with a maximum allowed of 36 

On day 4 at station 14 
 There are 24 containers being reloaded with a maximum allowed of 24 

On day 5 at station 10 
 There are 24 containers being reloaded with a maximum allowed of 24 

On day 5 at station 14 
 There are 24 containers being reloaded with a maximum allowed of 24 

On day 6 at station 1 
 There are 24 containers being reloaded with a maximum allowed of 24 

On day 6 at station 5 
 There are 36 containers being reloaded with a maximum allowed of 36 

On day 6 at station 10 
 There are 24 containers being reloaded with a maximum allowed of 24 

On day 6 at station 14 
 There are 24 containers being reloaded with a maximum allowed of 24 

On day 7 at station 2 
 There are 36 containers being reloaded with a maximum allowed of 36 

On day 8 at station 14 
 There are 24 containers being reloaded with a maximum allowed of 24 

On day 9 at station 3 
 There are 24 containers being reloaded with a maximum allowed of 24 

On day 9 at station 14 
 There are 24 containers being reloaded with a maximum allowed of 24 

On day 10 at station 1 
 There are 24 containers being reloaded with a maximum allowed of 24 

On day 11 at station 5 
 There are 36 containers being reloaded with a maximum allowed of 36 

On day 12 at station 2 
 There are 36 containers being reloaded with a maximum allowed of 36 

On day 12 at station 5 
 There are 36 containers being reloaded with a maximum allowed of 36 

On day 13 at station 2 
 There are 36 containers being reloaded with a maximum allowed of 36 


 Expansion Necessary for Reloads 

On day 2 at station 1 
 There are 19 containers being reloaded with a maximum allowed of 24 after expanding from 12 allowed 

On day 3 at station 1 
 There are 12 containers being reloaded with a maximum allowed of 24 after expanding from 12 allowed 

On day 3 at station 5 
 There are 28 containers being reloaded with a maximum allowed of 36 after expanding from 24 allowed 

On day 3 at station 7 
 There are 36 containers being reloaded with a maximum allowed of 36 after expanding from 36 allowed 

On day 3 at station 10 
 There are 20 containers being reloaded with a maximum allowed of 24 after expanding from 12 allowed 

On day 4 at station 1 
 There are 20 containers being reloaded with a maximum allowed of 24 after expanding from 12 allowed 

On day 4 at station 2 
 There are 25 containers being reloaded with a maximum allowed of 36 after expanding from 12 allowed 

On day 4 at station 5 
 There are 30 containers being reloaded with a maximum allowed of 36 after expanding from 24 allowed 

On day 4 at station 6 
 There are 29 containers being reloaded with a maximum allowed of 48 after expanding from 24 allowed 

On day 4 at station 9 
 There are 28 containers being reloaded with a maximum allowed of 48 after expanding from 24 allowed 

On day 4 at station 10 
 There are 21 containers being reloaded with a maximum allowed of 24 after expanding from 12 allowed 

On day 4 at station 14 
 There are 24 containers being reloaded with a maximum allowed of 24 after expanding from 24 allowed 

On day 5 at station 2 
 There are 30 containers being reloaded with a maximum allowed of 36 after expanding from 12 allowed 

On day 5 at station 5 
 There are 33 containers being reloaded with a maximum allowed of 36 after expanding from 24 allowed 

On day 5 at station 9 
 There are 25 containers being reloaded with a maximum allowed of 48 after expanding from 24 allowed 

On day 5 at station 10 
 There are 24 containers being reloaded with a maximum allowed of 24 after expanding from 12 allowed 

On day 5 at station 14 
 There are 24 containers being reloaded with a maximum allowed of 24 after expanding from 24 allowed 

On day 6 at station 1 
 There are 24 containers being reloaded with a maximum allowed of 24 after expanding from 12 allowed 

On day 6 at station 2 
 There are 33 containers being reloaded with a maximum allowed of 36 after expanding from 12 allowed 

On day 6 at station 5 
 There are 36 containers being reloaded with a maximum allowed of 36 after expanding from 24 allowed 

On day 6 at station 6 
 There are 43 containers being reloaded with a maximum allowed of 48 after expanding from 24 allowed 

On day 6 at station 9 
 There are 25 containers being reloaded with a maximum allowed of 48 after expanding from 24 allowed 

On day 6 at station 10 
 There are 24 containers being reloaded with a maximum allowed of 24 after expanding from 12 allowed 

On day 6 at station 14 
 There are 24 containers being reloaded with a maximum allowed of 24 after expanding from 24 allowed 

On day 7 at station 1 
 There are 17 containers being reloaded with a maximum allowed of 24 after expanding from 12 allowed 

On day 7 at station 2 
 There are 36 containers being reloaded with a maximum allowed of 36 after expanding from 12 allowed 

On day 7 at station 5 
 There are 35 containers being reloaded with a maximum allowed of 36 after expanding from 24 allowed 

On day 7 at station 6 
 There are 37 containers being reloaded with a maximum allowed of 48 after expanding from 24 allowed 

On day 7 at station 9 
 There are 43 containers being reloaded with a maximum allowed of 48 after expanding from 24 allowed 

On day 7 at station 10 
 There are 21 containers being reloaded with a maximum allowed of 24 after expanding from 12 allowed 

On day 8 at station 2 
 There are 35 containers being reloaded with a maximum allowed of 36 after expanding from 12 allowed 

On day 8 at station 5 
 There are 28 containers being reloaded with a maximum allowed of 36 after expanding from 24 allowed 

On day 8 at station 6 
 There are 41 containers being reloaded with a maximum allowed of 48 after expanding from 24 allowed 

On day 8 at station 9 
 There are 32 containers being reloaded with a maximum allowed of 48 after expanding from 24 allowed 

On day 8 at station 10 
 There are 19 containers being reloaded with a maximum allowed of 24 after expanding from 12 allowed 

On day 8 at station 14 
 There are 24 containers being reloaded with a maximum allowed of 24 after expanding from 24 allowed 

On day 9 at station 2 
 There are 25 containers being reloaded with a maximum allowed of 36 after expanding from 12 allowed 

On day 9 at station 3 
 There are 24 containers being reloaded with a maximum allowed of 24 after expanding from 24 allowed 

On day 9 at station 5 
 There are 32 containers being reloaded with a maximum allowed of 36 after expanding from 24 allowed 

On day 9 at station 6 
 There are 36 containers being reloaded with a maximum allowed of 48 after expanding from 24 allowed 

On day 9 at station 9 
 There are 38 containers being reloaded with a maximum allowed of 48 after expanding from 24 allowed 

On day 9 at station 10 
 There are 20 containers being reloaded with a maximum allowed of 24 after expanding from 12 allowed 

On day 9 at station 14 
 There are 24 containers being reloaded with a maximum allowed of 24 after expanding from 24 allowed 

On day 10 at station 1 
 There are 24 containers being reloaded with a maximum allowed of 24 after expanding from 12 allowed 

On day 10 at station 2 
 There are 30 containers being reloaded with a maximum allowed of 36 after expanding from 12 allowed 

On day 10 at station 5 
 There are 35 containers being reloaded with a maximum allowed of 36 after expanding from 24 allowed 

On day 10 at station 6 
 There are 29 containers being reloaded with a maximum allowed of 48 after expanding from 24 allowed 

On day 10 at station 9 
 There are 42 containers being reloaded with a maximum allowed of 48 after expanding from 24 allowed 

On day 11 at station 1 
 There are 13 containers being reloaded with a maximum allowed of 24 after expanding from 12 allowed 

On day 11 at station 2 
 There are 35 containers being reloaded with a maximum allowed of 36 after expanding from 12 allowed 

On day 11 at station 5 
 There are 36 containers being reloaded with a maximum allowed of 36 after expanding from 24 allowed 

On day 11 at station 6 
 There are 37 containers being reloaded with a maximum allowed of 48 after expanding from 24 allowed 

On day 11 at station 9 
 There are 28 containers being reloaded with a maximum allowed of 48 after expanding from 24 allowed 

On day 11 at station 10 
 There are 20 containers being reloaded with a maximum allowed of 24 after expanding from 12 allowed 

On day 12 at station 2 
 There are 36 containers being reloaded with a maximum allowed of 36 after expanding from 12 allowed 

On day 12 at station 5 
 There are 36 containers being reloaded with a maximum allowed of 36 after expanding from 24 allowed 

On day 12 at station 10 
 There are 16 containers being reloaded with a maximum allowed of 24 after expanding from 12 allowed 

On day 13 at station 2 
 There are 36 containers being reloaded with a maximum allowed of 36 after expanding from 12 allowed 

On day 13 at station 10 
 There are 17 containers being reloaded with a maximum allowed of 24 after expanding from 12 allowed 

On day 13 at station 15 
 There are 33 containers being reloaded with a maximum allowed of 36 after expanding from 24 allowed 


 Delayed Containers 

 Delay Cost of shipment Company_A_4_7: 
There are 5 late containers on day 5 that were due on day 4 


 Delay Cost of shipment Company_B_1_11: 
There are 7 late containers on day 14 that were due on day 13 


 Delay Cost of shipment Company_C_13_8: 
There are 10 late containers on day 10 that were due on day 9 


 Delay Cost of shipment Company_C_13_8: 
There are 3 late containers on day 11 that were due on day 9 


 Delay Cost of shipment Company_C_13_8: 
There are 3 late containers on day 12 that were due on day 9 


 Delay Cost of shipment Company_C_13_8: 
There are 7 late containers on day 13 that were due on day 9 


 Delay Cost of shipment Company_C_13_8: 
There are 9 late containers on day 14 that were due on day 9 


 Delay Cost of shipment Company_C_13_1: 
There are 8 late containers on day 9 that were due on day 8 


 Delay Cost of shipment Company_C_13_7: 
There are 8 late containers on day 8 that were due on day 7 


 Delay Cost of shipment Company_C_13_7: 
There are 7 late containers on day 9 that were due on day 7 


 Delay Cost of shipment Company_D_5_6: 
There are 4 late containers on day 14 that were due on day 13 


 Delay Cost of shipment Company_E_3_13: 
There are 4 late containers on day 12 that were due on day 10 


 Delay Cost of shipment Company_F_9_2_a: 
There are 3 late containers on day 8 that were due on day 7 


 Delay Cost of shipment Company_G_11_7: 
There are 12 late containers on day 13 that were due on day 12 


 Delay Cost of shipment Company_G_11_2: 
There are 15 late containers on day 14 that were due on day 13 


 Delay Cost of shipment Company_H_12_5: 
There are 18 late containers on day 14 that were due on day 10 


 Delay Cost of shipment Company_I_1_10: 
There are 1 late containers on day 10 that were due on day 9 


 Delay Cost of shipment Company_J_15_9: 
There are 10 late containers on day 11 that were due on day 10 


 New tracks Constructed  (i, j, # new tracks)
t :=
1  3    1
2  5    3
4  8    1
5  14   1
6  7    1
6  9    2
6  15   1
9  10   2
10 11   1
;


 New reload zones Constructed (station k, # new reload zones) 
r [*] :=
 1  1
 2  2
 5  1
 6  2
 9  2
10  1
15  1
;


 Containers that Originate on day d for each shipment s
ori [*,*]
:                 1    2    3    4    5    6    7    8    9    10   11    :=
Company_A_3_2      0    0    5    0    0    0    0    0    0    0    0
Company_A_4_7     15   10    5    0    0    0    0    0    0    0    0
Company_B_1_11     0    0    0    0    0    0    0   20   15    1    0
Company_C_13_1     0    0    0    4    5    8    0    0    0    0    0
Company_C_13_7     0   10   10    7    0    0    8    7    0    0    0
Company_C_13_8     0    0    0    0   10   10    3    3    7    9    0
Company_D_5_10     0    0    0    0    7    4    4   12    6    1    0
Company_D_5_6      0    0    0    0    0    0    0    0    2    0    4
Company_E_3_13    10   10   12    0    0    0    0    4    0    4    0
Company_E_3_15     0    0    0    9    0    0    1    0    0    0    0
Company_F_9_2_a   20   12   13    0    0    0    0    0    0    0    0
Company_F_9_2_b    0    0    0   31    4    0    0    0    0    0    0
Company_G_11_2     0    0   20   20   16   19   12   10    0    0    0
Company_G_11_7     0    0    0    0    0    0    0    0   12    0    0
Company_H_12_2    20   20   19   10   10    6    0   13   14    8    0
Company_H_12_5     0    0    0    0    0    3    2    0    0   12    6
Company_I_1_10     0    1    8    6   10    7    1    0    0    0    0
Company_I_1_2      0    0    0    0    0    0    0    0   14    5    0
Company_J_15_9     0    0    0    0    0   15   12   18   10    0    0
Company_K_8_15     0    0    0    0    0    0    0    0    0   26   26
;


 Containers that are Delivered on day d for each shipment s
del [*,*]
:                 3    4    5    6    7    8    9    10   11   12   13   14  :=
Company_A_3_2      0    0    5    0    0    0    0    0    0    0    0    0
Company_A_4_7      9   16    5    0    0    0    0    0    0    0    0    0
Company_B_1_11     0    0    0    0    0    0    0    0    0   10   19    7
Company_C_13_1     0    0    0    0    4    5    8    0    0    0    0    0
Company_C_13_7    10   10    7    0    0    8    7    0    0    0    0    0
Company_C_13_8     0    0    0    0    0    0   10   10    3    3    7    9
Company_D_5_10     0    0    0    0    0    0    0    7    0    1    9   17
Company_D_5_6      0    0    0    0    0    0    0    0    0    0    2    4
Company_E_3_13    10   10    9    3    0    0    0    4    0    4    0    0
Company_E_3_15     0    0    0    0    1    8    0    1    0    0    0    0
Company_F_9_2_a    0    0   10   20   12    3    0    0    0    0    0    0
Company_F_9_2_b    0    0    0    0    0   10   20    1    4    0    0    0
Company_G_11_2     0    0    0    0    0    0   10   12   24   13   23   15
Company_G_11_7     0    0    0    0    0    0    0    0    0    0   12    0
Company_H_12_2     0    0   10   10   21   23    5   12    2   12    4   21
Company_H_12_5     0    0    0    0    0    0    3    2    0    0    0   18
Company_I_1_10     0    0    1    8    5    9    9    1    0    0    0    0
Company_I_1_2      0    0    0    0    0    0    0    0    0   10    9    0
Company_J_15_9     0    0    0    0    0   15   12   18   10    0    0    0
Company_K_8_15     0    0    0    0    0    0    0    0    0    0   19   33
;

